<?xml version="1.0" encoding="UTF-8"?>
<!-- Generated by org.testng.reporters.JUnitReportReporter -->
<testsuite hostname="SAWUPADH-LAP" failures="0" tests="1" name="Tests.LoginTest" time="0.462" errors="0" timestamp="2024-12-08T23:05:41 IST" skipped="0">
  <testcase classname="Tests.LoginTest" name="Login" time="0.462"/>
</testsuite> <!-- Tests.LoginTest -->
